<?xml version="1.0" encoding="UTF-8"?>
<testsuite xmlns:xsi="http://www.w3.org/2001/XMLSchema-instance" xsi:noNamespaceSchemaLocation="https://maven.apache.org/surefire/maven-surefire-plugin/xsd/surefire-test-report-3.0.xsd" version="3.0" name="com.eBanking.runners.TestRunner" time="21.83" tests="1" errors="0" skipped="0" failures="1">
  <properties>
[...]
</properties>
  <testcase name="Send New account opening request to Admin" classname="User Account" time="20.419">
    <failure message="expected: &lt;e-Banking | User Dashboard&gt; but was: &lt;e-Banking | User Login&gt;" type="org.opentest4j.AssertionFailedError"><![CDATA[org.opentest4j.AssertionFailedError: expected: <e-Banking | User Dashboard> but was: <e-Banking | User Login>
	at com.eBanking.stepDefinitions.UserLoginSteps.iShouldSuccessfullyLoggedInToTheApplication(UserLoginSteps.java:80)
	at ✽.I should successfully logged in to the application(classpath:features/UserAccount.feature:20)
]]></failure>
    <system-out><![CDATA[
@UserAccount @happy-path
Scenario: Send New account opening request to Admin                   &amp#27;[90m# features/UserAccount.feature:16&amp#27;[0m
Info - Using chromedriver 138.0.7204.183 (resolved driver for Chrome 138)
Info - Downloading https://storage.googleapis.com/chrome-for-testing-public/138.0.7204.183/win64/chromedriver-win64.zip
Info - Extracting driver from compressed file chromedriver-win64.zip
Info - Exporting webdriver.chrome.driver as C:\Users\ADMIN\.cache\selenium\chromedriver\win64\138.0.7204.183\chromedriver.exe
Info - I am on Homepage now
  &amp#27;[32mGiven &amp#27;[0m&amp#27;[32mI am on home page&amp#27;[0m                                             &amp#27;[90m# com.eBanking.stepDefinitions.UserLoginSteps.i_am_on_home_page()&amp#27;[0m
Info - Could not process empty pattern
Info - Overlay present
Info - Scrolled to the element: By.xpath: (//a[contains(.,'Account Holder')])[2]
Info - Element By.xpath: (//a[contains(.,'Account Holder')])[2] is clickable
Info - Clicked on the element : By.xpath: (//a[contains(.,'Account Holder')])[2]
Info - Landed on {} login pageUSER
  &amp#27;[32mAnd &amp#27;[0m&amp#27;[32mI navigate to user login page as a &amp#27;[0m&amp#27;[32m&amp#27;[1mUser&amp#27;[0m                         &amp#27;[90m# com.eBanking.stepDefinitions.UserLoginSteps.iGoToUserLoginPage(java.lang.String)&amp#27;[0m
Info - Could not process empty pattern
Info - Overlay present
Info - Scrolled to the element: By.xpath: //a[text()='Create an Account!']
Info - Element By.xpath: //a[text()='Create an Account!'] is clickable
Info - Clicked on the element : By.xpath: //a[text()='Create an Account!']
Info - Landed on Registration page
  &amp#27;[32mAnd &amp#27;[0m&amp#27;[32mI go to registration page&amp#27;[0m                                       &amp#27;[90m# com.eBanking.stepDefinitions.UserLoginSteps.iGoToRegistrationPage()&amp#27;[0m
Info - Could not process empty pattern
Info - Overlay present
Info - Scrolled to the element: By.xpath: //input[@name='fname']
Info - Element By.xpath: //input[@name='fname'] is clickable
Info - Clicked on the element : By.xpath: //input[@name='fname']
Info - Scrolled to the element: By.xpath: //input[@name='fname']
Info - Entered text 'user_dd7534' into element: By.xpath: //input[@name='fname']
Info - Scrolled to the element: By.xpath: //input[@name='lname']
Info - Entered text 'yajjuvarapu' into element: By.xpath: //input[@name='lname']
Info - Scrolled to the element: By.xpath: //input[@name='email']
Info - Entered text 'user_bf55c0@gmail.com' into element: By.xpath: //input[@name='email']
Info - Scrolled to the element: By.xpath: //input[@name='mobno']
Info - Entered text '9000086190' into element: By.xpath: //input[@name='mobno']
Info - Scrolled to the element: By.xpath: //input[@name='password']
Info - Entered text 'user@123' into element: By.xpath: //input[@name='password']
Info - Could not process empty pattern
Info - Overlay present
Info - Scrolled to the element: By.xpath: //button[@name='submit']
Info - Element By.xpath: //button[@name='submit'] is clickable
Info - Clicked on the element : By.xpath: //button[@name='submit']
  &amp#27;[32mAnd &amp#27;[0m&amp#27;[32mI register user using below info:&amp#27;[0m                               &amp#27;[90m# com.eBanking.stepDefinitions.UserLoginSteps.iRegisterUserUsingBelowInfo(io.cucumber.datatable.DataTable)&amp#27;[0m
    | firstName    | user_${random}           |
    | lastName     | yajjuvarapu              |
    | emailAddress | user_${random}@gmail.com |
    | mobile       | 9000086190               |
    | password     | user@123                 |
Info - Alert text retrieved: You have successfully registered with us
Info - Accepting alert with text: You have successfully registered with us
Info - Alert accepted successfully.
  &amp#27;[32mAnd &amp#27;[0m&amp#27;[32mI should see registration form sumbitted successfully&amp#27;[0m           &amp#27;[90m# com.eBanking.stepDefinitions.UserLoginSteps.iShouldSeeRegistrationFormSubmittedSuccessfully()&amp#27;[0m
Info - Navigated to home page
  &amp#27;[32mAnd &amp#27;[0m&amp#27;[32mI navigate to Home page&amp#27;[0m                                         &amp#27;[90m# com.eBanking.stepDefinitions.UserDashboardPageSteps.iNavigateToHomePage()&amp#27;[0m
Info - Could not process empty pattern
Info - Overlay present
Info - Scrolled to the element: By.xpath: (//a[contains(.,'Account Holder')])[2]
Info - Element By.xpath: (//a[contains(.,'Account Holder')])[2] is clickable
Info - Clicked on the element : By.xpath: (//a[contains(.,'Account Holder')])[2]
Info - Landed on {} login pageUSER
  &amp#27;[32mWhen &amp#27;[0m&amp#27;[32mI navigate to user login page as a &amp#27;[0m&amp#27;[32m&amp#27;[1mUser&amp#27;[0m                        &amp#27;[90m# com.eBanking.stepDefinitions.UserLoginSteps.iGoToUserLoginPage(java.lang.String)&amp#27;[0m
Info - Scrolled to the element: By.xpath: //input[@id='email']
Info - Entered text 'user_bf55c0@gmail.com' into element: By.xpath: //input[@id='email']
Info - Scrolled to the element: By.xpath: //input[@id='password']
Info - Entered text 'user@123' into element: By.xpath: //input[@id='password']
Info - Could not process empty pattern
Info - Overlay present
Info - Scrolled to the element: By.xpath: //button[@type='submit']
Info - Element By.xpath: //button[@type='submit'] is clickable
Info - Clicked on the element : By.xpath: //button[@type='submit']
Info - User loggedin successfully
  &amp#27;[32mAnd &amp#27;[0m&amp#27;[32mI login with valid credentials&amp#27;[0m                                  &amp#27;[90m# com.eBanking.stepDefinitions.UserDashboardPageSteps.iLoginWithValidCredentials()&amp#27;[0m
  &amp#27;[31mThen &amp#27;[0m&amp#27;[31mI should successfully logged in to the application&amp#27;[0m             &amp#27;[90m# com.eBanking.stepDefinitions.UserLoginSteps.iShouldSuccessfullyLoggedInToTheApplication()&amp#27;[0m
      &amp#27;[31morg.opentest4j.AssertionFailedError: expected: <e-Banking | User Dashboard> but was: <e-Banking | User Login>
      	at org.junit.jupiter.api.AssertionFailureBuilder.build(AssertionFailureBuilder.java:151)
      	at org.junit.jupiter.api.AssertionFailureBuilder.buildAndThrow(AssertionFailureBuilder.java:132)
      	at org.junit.jupiter.api.AssertEquals.failNotEqual(AssertEquals.java:197)
      	at org.junit.jupiter.api.AssertEquals.assertEquals(AssertEquals.java:182)
      	at org.junit.jupiter.api.AssertEquals.assertEquals(AssertEquals.java:177)
      	at org.junit.jupiter.api.Assertions.assertEquals(Assertions.java:1145)
      	at com.eBanking.stepDefinitions.UserLoginSteps.iShouldSuccessfullyLoggedInToTheApplication(UserLoginSteps.java:80)
      	at ✽.I should successfully logged in to the application(classpath:features/UserAccount.feature:20)&amp#27;[0m
  &amp#27;[36mWhen &amp#27;[0m&amp#27;[36mI go to Account opening page&amp#27;[0m                                   &amp#27;[90m# com.eBanking.stepDefinitions.UserDashboardPageSteps.iGoToAccountOpeningPage()&amp#27;[0m
  &amp#27;[36mAnd &amp#27;[0m&amp#27;[36mI fill the account details with below deatils:&amp#27;[0m                  &amp#27;[90m# com.eBanking.stepDefinitions.UserAccountDetailsSteps.iFillTheAccountDetailsWithBelowDetails(io.cucumber.datatable.DataTable)&amp#27;[0m
    | Address proof ID Number | ${aadharCard} |
    | PAN Card Number         | ${panNumber}  |
    | Address                 | Test Address  |
    | Date of Birth           | 08011987      |
  &amp#27;[36mThen &amp#27;[0m&amp#27;[36mI should see success message as &amp#27;[0m&amp#27;[36m&amp#27;[1mDetails succesfully submitted.&amp#27;[0m &amp#27;[90m# com.eBanking.stepDefinitions.UserAccountDetailsSteps.iShouldSeeSuccessMessageAs(java.lang.String)&amp#27;[0m
]]></system-out>
    <system-err><![CDATA[Aug 09, 2025 8:50:07 PM org.openqa.selenium.devtools.CdpVersionFinder findNearestMatch
WARNING: Unable to find CDP implementation matching 138
Aug 09, 2025 8:50:07 PM org.openqa.selenium.chromium.ChromiumDriver lambda$new$5
WARNING: Unable to find version of CDP to use for 138.0.7204.184. You may need to include a dependency on a specific version of the CDP using something similar to `org.seleniumhq.selenium:selenium-devtools-v86:4.21.0` where the version ("v86") matches the version of the chromium-based browser you're using and the version number of the artifact is the same as Selenium's.
]]></system-err>
  </testcase>
</testsuite>